<?xml version="1.0" encoding="UTF-8"?>
<testsuite name="org.example.TestMain" tests="12" skipped="0" failures="0" errors="0" timestamp="2024-01-10T12:59:09" hostname="DESKTOP-35E4E3J" time="2.902">
  <properties/>
  <testcase name="coliziuniCicluStudiiContestatii10()" classname="org.example.TestMain" time="0.966"/>
  <testcase name="coliziuniMedie08()" classname="org.example.TestMain" time="0.163"/>
  <testcase name="toateFunctionalitatile12()" classname="org.example.TestMain" time="0.204"/>
  <testcase name="inroleazaSimplu05()" classname="org.example.TestMain" time="0.193"/>
  <testcase name="posteazaMedii01()" classname="org.example.TestMain" time="0.155"/>
  <testcase name="posteazaMediiContestatii02()" classname="org.example.TestMain" time="0.17"/>
  <testcase name="posteazaMediiContestatii03()" classname="org.example.TestMain" time="0.143"/>
  <testcase name="posteazaMediiContestatii04()" classname="org.example.TestMain" time="0.152"/>
  <testcase name="inroleazaCicluStudiiContestatii07()" classname="org.example.TestMain" time="0.186"/>
  <testcase name="inroleazaCicluStudii06()" classname="org.example.TestMain" time="0.173"/>
  <testcase name="coliziuniCicluStudii09()" classname="org.example.TestMain" time="0.207"/>
  <testcase name="exceptieSimplu11()" classname="org.example.TestMain" time="0.143"/>
  <system-out><![CDATA[]]></system-out>
  <system-err><![CDATA[]]></system-err>
</testsuite>
